Started server process [85335]
Waiting for application startup.
Application startup complete.
Uvicorn running on http://0.0.0.0:36909 (Press CTRL+C to quit)
Started server process [88587]
Waiting for application startup.
Application startup complete.
Uvicorn running on http://0.0.0.0:36909 (Press CTRL+C to quit)
127.0.0.1:51337 - "GET /plugins HTTP/1.1" 200
Started server process [94128]
Waiting for application startup.
Application startup complete.
Uvicorn running on http://0.0.0.0:36909 (Press CTRL+C to quit)
127.0.0.1:61451 - "GET /plugins HTTP/1.1" 200
127.0.0.1:61453 - "GET /plugins/d/%E7%AD%BE%E8%AF%81%E7%B1%BB%E5%9E%8B%E6%9F%A5%E8%AF%A2 HTTP/1.1" 200
Started server process [94187]
Waiting for application startup.
Application startup complete.
Uvicorn running on http://0.0.0.0:36909 (Press CTRL+C to quit)
127.0.0.1:61585 - "GET /plugins HTTP/1.1" 200
127.0.0.1:61587 - "GET /plugins/d/%E7%AD%BE%E8%AF%81%E7%B1%BB%E5%9E%8B%E6%9F%A5%E8%AF%A2 HTTP/1.1" 200
127.0.0.1:61591 - "GET /plugins/d/%E6%8F%92%E4%BB%B6%E5%B8%82%E5%9C%BA%E6%9C%8D%E5%8A%A1%E5%99%A8 HTTP/1.1" 200
Started server process [94257]
Waiting for application startup.
Application startup complete.
Uvicorn running on http://0.0.0.0:36909 (Press CTRL+C to quit)
127.0.0.1:61627 - "GET /plugins HTTP/1.1" 200
127.0.0.1:61629 - "GET /plugins/d/%E5%A4%A7%E5%86%99%E9%87%91%E9%A2%9D HTTP/1.1" 200
Started server process [94305]
Waiting for application startup.
Application startup complete.
Uvicorn running on http://0.0.0.0:36909 (Press CTRL+C to quit)
127.0.0.1:61636 - "GET /plugins HTTP/1.1" 200
127.0.0.1:61638 - "GET /plugins/d/%E5%A4%A7%E5%86%99%E9%87%91%E9%A2%9D HTTP/1.1" 200
Started server process [94370]
Waiting for application startup.
Application startup complete.
Uvicorn running on http://0.0.0.0:36909 (Press CTRL+C to quit)
127.0.0.1:61670 - "GET /plugins HTTP/1.1" 200
127.0.0.1:61672 - "GET /plugins/d/%E5%A4%A7%E5%86%99%E9%87%91%E9%A2%9D HTTP/1.1" 200
Started server process [94458]
Waiting for application startup.
Application startup complete.
Uvicorn running on http://0.0.0.0:36909 (Press CTRL+C to quit)
127.0.0.1:55313 - "GET /plugins HTTP/1.1" 200
127.0.0.1:55315 - "GET /plugins/d/%E6%98%8E%E7%A0%81%E8%BD%AC%E6%8D%A2 HTTP/1.1" 200
127.0.0.1:55327 - "GET /plugins/d/%E7%AD%BE%E8%AF%81%E7%B1%BB%E5%9E%8B%E6%9F%A5%E8%AF%A2 HTTP/1.1" 200
127.0.0.1:55334 - "GET /plugins/d/%E7%AD%BE%E8%AF%81%E7%B1%BB%E5%9E%8B%E6%9F%A5%E8%AF%A2 HTTP/1.1" 200
Started server process [94632]
Waiting for application startup.
Application startup complete.
Uvicorn running on http://0.0.0.0:36909 (Press CTRL+C to quit)
Started server process [98521]
Waiting for application startup.
Application startup complete.
Uvicorn running on http://0.0.0.0:36909 (Press CTRL+C to quit)
127.0.0.1:49686 - "GET /plugins HTTP/1.1" 200
Started server process [99795]
Waiting for application startup.
Application startup complete.
Uvicorn running on http://0.0.0.0:36909 (Press CTRL+C to quit)
127.0.0.1:52773 - "GET /update HTTP/1.1" 200
Started server process [537]
Waiting for application startup.
Application startup complete.
Uvicorn running on http://0.0.0.0:36909 (Press CTRL+C to quit)
127.0.0.1:52841 - "GET /plugins HTTP/1.1" 200
Started server process [1377]
Waiting for application startup.
Application startup complete.
Uvicorn running on http://0.0.0.0:36909 (Press CTRL+C to quit)
127.0.0.1:53052 - "GET /plugins HTTP/1.1" 200
127.0.0.1:53056 - "GET /update HTTP/1.1" 500
Exception in ASGI application
Traceback (most recent call last):
  File "/Users/yohoyes/projects/pythons/plugins-learn/plugin-base/venv/lib/python3.11/site-packages/starlette/responses.py", line 335, in __call__
    stat_result = await anyio.to_thread.run_sync(os.stat, self.path)
                  ^^^^^^^^^^^^^^^^^^^^^^^^^^^^^^^^^^^^^^^^^^^^^^^^^^
  File "/Users/yohoyes/projects/pythons/plugins-learn/plugin-base/venv/lib/python3.11/site-packages/anyio/to_thread.py", line 33, in run_sync
    return await get_asynclib().run_sync_in_worker_thread(
           ^^^^^^^^^^^^^^^^^^^^^^^^^^^^^^^^^^^^^^^^^^^^^^^
  File "/Users/yohoyes/projects/pythons/plugins-learn/plugin-base/venv/lib/python3.11/site-packages/anyio/_backends/_asyncio.py", line 877, in run_sync_in_worker_thread
    return await future
           ^^^^^^^^^^^^
  File "/Users/yohoyes/projects/pythons/plugins-learn/plugin-base/venv/lib/python3.11/site-packages/anyio/_backends/_asyncio.py", line 807, in run
    result = context.run(func, *args)
             ^^^^^^^^^^^^^^^^^^^^^^^^
FileNotFoundError: [Errno 2] No such file or directory: 'assets/update.zip'

During handling of the above exception, another exception occurred:

Traceback (most recent call last):
  File "/Users/yohoyes/projects/pythons/plugins-learn/plugin-base/venv/lib/python3.11/site-packages/uvicorn/protocols/http/httptools_impl.py", line 426, in run_asgi
    result = await app(  # type: ignore[func-returns-value]
             ^^^^^^^^^^^^^^^^^^^^^^^^^^^^^^^^^^^^^^^^^^^^^^
  File "/Users/yohoyes/projects/pythons/plugins-learn/plugin-base/venv/lib/python3.11/site-packages/uvicorn/middleware/proxy_headers.py", line 84, in __call__
    return await self.app(scope, receive, send)
           ^^^^^^^^^^^^^^^^^^^^^^^^^^^^^^^^^^^^
  File "/Users/yohoyes/projects/pythons/plugins-learn/plugin-base/venv/lib/python3.11/site-packages/fastapi/applications.py", line 1106, in __call__
    await super().__call__(scope, receive, send)
  File "/Users/yohoyes/projects/pythons/plugins-learn/plugin-base/venv/lib/python3.11/site-packages/starlette/applications.py", line 122, in __call__
    await self.middleware_stack(scope, receive, send)
  File "/Users/yohoyes/projects/pythons/plugins-learn/plugin-base/venv/lib/python3.11/site-packages/starlette/middleware/errors.py", line 184, in __call__
    raise exc
  File "/Users/yohoyes/projects/pythons/plugins-learn/plugin-base/venv/lib/python3.11/site-packages/starlette/middleware/errors.py", line 162, in __call__
    await self.app(scope, receive, _send)
  File "/Users/yohoyes/projects/pythons/plugins-learn/plugin-base/venv/lib/python3.11/site-packages/starlette/middleware/exceptions.py", line 79, in __call__
    raise exc
  File "/Users/yohoyes/projects/pythons/plugins-learn/plugin-base/venv/lib/python3.11/site-packages/starlette/middleware/exceptions.py", line 68, in __call__
    await self.app(scope, receive, sender)
  File "/Users/yohoyes/projects/pythons/plugins-learn/plugin-base/venv/lib/python3.11/site-packages/fastapi/middleware/asyncexitstack.py", line 20, in __call__
    raise e
  File "/Users/yohoyes/projects/pythons/plugins-learn/plugin-base/venv/lib/python3.11/site-packages/fastapi/middleware/asyncexitstack.py", line 17, in __call__
    await self.app(scope, receive, send)
  File "/Users/yohoyes/projects/pythons/plugins-learn/plugin-base/venv/lib/python3.11/site-packages/starlette/routing.py", line 718, in __call__
    await route.handle(scope, receive, send)
  File "/Users/yohoyes/projects/pythons/plugins-learn/plugin-base/venv/lib/python3.11/site-packages/starlette/routing.py", line 276, in handle
    await self.app(scope, receive, send)
  File "/Users/yohoyes/projects/pythons/plugins-learn/plugin-base/venv/lib/python3.11/site-packages/starlette/routing.py", line 69, in app
    await response(scope, receive, send)
  File "/Users/yohoyes/projects/pythons/plugins-learn/plugin-base/venv/lib/python3.11/site-packages/starlette/responses.py", line 338, in __call__
    raise RuntimeError(f"File at path {self.path} does not exist.")
RuntimeError: File at path assets/update.zip does not exist.
127.0.0.1:53066 - "GET /update HTTP/1.1" 200
Started server process [6362]
Waiting for application startup.
Application startup complete.
Uvicorn running on http://0.0.0.0:36909 (Press CTRL+C to quit)
Shutting down
Waiting for application shutdown.
Started server process [11264]
Waiting for application startup.
Application startup complete.
Uvicorn running on http://0.0.0.0:36909 (Press CTRL+C to quit)
127.0.0.1:58766 - "GET /plugins HTTP/1.1" 200
127.0.0.1:58768 - "GET /plugins HTTP/1.1" 200
Started server process [11896]
Waiting for application startup.
Application startup complete.
Uvicorn running on http://0.0.0.0:36909 (Press CTRL+C to quit)
Shutting down
Waiting for application shutdown.
Started server process [39405]
Waiting for application startup.
Application startup complete.
Uvicorn running on http://0.0.0.0:36909 (Press CTRL+C to quit)
Started server process [39487]
Waiting for application startup.
Application startup complete.
Uvicorn running on http://0.0.0.0:36909 (Press CTRL+C to quit)
Started server process [39543]
Waiting for application startup.
Application startup complete.
Uvicorn running on http://0.0.0.0:36909 (Press CTRL+C to quit)
Started server process [39580]
Waiting for application startup.
Application startup complete.
Uvicorn running on http://0.0.0.0:36909 (Press CTRL+C to quit)
Started server process [39652]
Waiting for application startup.
Application startup complete.
Uvicorn running on http://0.0.0.0:36909 (Press CTRL+C to quit)
Started server process [39718]
Waiting for application startup.
Application startup complete.
Uvicorn running on http://0.0.0.0:36909 (Press CTRL+C to quit)
127.0.0.1:64109 - "GET /plugins HTTP/1.1" 200
127.0.0.1:64111 - "GET /plugins/d/%E6%95%B0%E6%8D%AE%E5%BA%93 HTTP/1.1" 200
Started server process [39793]
Waiting for application startup.
Application startup complete.
Uvicorn running on http://0.0.0.0:36909 (Press CTRL+C to quit)
127.0.0.1:64227 - "GET /plugins HTTP/1.1" 200
127.0.0.1:64229 - "GET /plugins/d/%E5%8A%A0%E8%BD%BDEXCEL HTTP/1.1" 200
Started server process [2212]
Waiting for application startup.
Application startup complete.
Uvicorn running on http://0.0.0.0:36909 (Press CTRL+C to quit)
127.0.0.1:49481 - "GET /plugins HTTP/1.1" 200
